c:\users\user\yandexdisk\documents\цмф\2 семестр\derivatives pricing\hw\3\ivanov as hw4\optionpricing\optionpricing\debug\vc140.pdb
c:\users\user\yandexdisk\documents\цмф\2 семестр\derivatives pricing\hw\3\ivanov as hw4\optionpricing\optionpricing\debug\vc140.idb
c:\users\user\yandexdisk\documents\цмф\2 семестр\derivatives pricing\hw\3\ivanov as hw4\optionpricing\optionpricing\debug\americanoption.obj
c:\users\user\yandexdisk\documents\цмф\2 семестр\derivatives pricing\hw\3\ivanov as hw4\optionpricing\optionpricing\debug\barrieroption.obj
c:\users\user\yandexdisk\documents\цмф\2 семестр\derivatives pricing\hw\3\ivanov as hw4\optionpricing\optionpricing\debug\bermudanoption.obj
c:\users\user\yandexdisk\documents\цмф\2 семестр\derivatives pricing\hw\3\ivanov as hw4\optionpricing\optionpricing\debug\bridge.obj
c:\users\user\yandexdisk\documents\цмф\2 семестр\derivatives pricing\hw\3\ivanov as hw4\optionpricing\optionpricing\debug\doublenotouch.obj
c:\users\user\yandexdisk\documents\цмф\2 семестр\derivatives pricing\hw\3\ivanov as hw4\optionpricing\optionpricing\debug\exoticmontecarlo.obj
c:\users\user\yandexdisk\documents\цмф\2 семестр\derivatives pricing\hw\3\ivanov as hw4\optionpricing\optionpricing\debug\main.obj
c:\users\user\yandexdisk\documents\цмф\2 семестр\derivatives pricing\hw\3\ivanov as hw4\optionpricing\optionpricing\debug\montecarloroutine.obj
c:\users\user\yandexdisk\documents\цмф\2 семестр\derivatives pricing\hw\3\ivanov as hw4\optionpricing\optionpricing\debug\optionclass.obj
c:\users\user\yandexdisk\documents\цмф\2 семестр\derivatives pricing\hw\3\ivanov as hw4\optionpricing\optionpricing\debug\pathdependentasian(.obj
c:\users\user\yandexdisk\documents\цмф\2 семестр\derivatives pricing\hw\3\ivanov as hw4\optionpricing\optionpricing\debug\payoff.obj
c:\users\user\yandexdisk\documents\цмф\2 семестр\derivatives pricing\hw\3\ivanov as hw4\optionpricing\optionpricing\debug\random.obj
c:\users\user\yandexdisk\documents\цмф\2 семестр\derivatives pricing\hw\3\ivanov as hw4\optionpricing\optionpricing\debug\simpleoptionmc.obj
c:\users\user\yandexdisk\documents\цмф\2 семестр\derivatives pricing\hw\3\ivanov as hw4\optionpricing\debug\optionpricing.pdb
c:\users\user\yandexdisk\documents\цмф\2 семестр\derivatives pricing\hw\3\ivanov as hw4\optionpricing\optionpricing\debug\optionpricing.tlog\cl.command.1.tlog
c:\users\user\yandexdisk\documents\цмф\2 семестр\derivatives pricing\hw\3\ivanov as hw4\optionpricing\optionpricing\debug\optionpricing.tlog\cl.read.1.tlog
c:\users\user\yandexdisk\documents\цмф\2 семестр\derivatives pricing\hw\3\ivanov as hw4\optionpricing\optionpricing\debug\optionpricing.tlog\cl.write.1.tlog
c:\users\user\yandexdisk\documents\цмф\2 семестр\derivatives pricing\hw\3\ivanov as hw4\optionpricing\optionpricing\debug\optionpricing.tlog\link-cvtres.read.1.tlog
c:\users\user\yandexdisk\documents\цмф\2 семестр\derivatives pricing\hw\3\ivanov as hw4\optionpricing\optionpricing\debug\optionpricing.tlog\link-cvtres.write.1.tlog
c:\users\user\yandexdisk\documents\цмф\2 семестр\derivatives pricing\hw\3\ivanov as hw4\optionpricing\optionpricing\debug\optionpricing.tlog\link-rc.read.1.tlog
c:\users\user\yandexdisk\documents\цмф\2 семестр\derivatives pricing\hw\3\ivanov as hw4\optionpricing\optionpricing\debug\optionpricing.tlog\link-rc.write.1.tlog
c:\users\user\yandexdisk\documents\цмф\2 семестр\derivatives pricing\hw\3\ivanov as hw4\optionpricing\optionpricing\debug\optionpricing.tlog\link.command.1.tlog
c:\users\user\yandexdisk\documents\цмф\2 семестр\derivatives pricing\hw\3\ivanov as hw4\optionpricing\optionpricing\debug\optionpricing.tlog\link.read.1.tlog
c:\users\user\yandexdisk\documents\цмф\2 семестр\derivatives pricing\hw\3\ivanov as hw4\optionpricing\optionpricing\debug\optionpricing.tlog\link.write.1.tlog
